[2023-03-26 22:01:09] Error 2: Use of undefined constant call - assumed 'call' (this will throw an Error in a future version of PHP) en C:\xampp\htdocs\dashboard\www\SETHAR\vista\ejemplo\index.php:1
[2023-03-26 22:01:09] Error 2: include(callInicio.php): failed to open stream: No such file or directory en C:\xampp\htdocs\dashboard\www\SETHAR\vista\ejemplo\index.php:1
[2023-03-26 22:01:09] Error 2: include(): Failed opening 'callInicio.php' for inclusion (include_path='C:\xampp\php\PEAR') en C:\xampp\htdocs\dashboard\www\SETHAR\vista\ejemplo\index.php:1
[2023-03-26 22:01:09] Error 2: Use of undefined constant call - assumed 'call' (this will throw an Error in a future version of PHP) en C:\xampp\htdocs\dashboard\www\SETHAR\vista\ejemplo\index.php:53
[2023-03-26 22:01:09] Error 2: include(callScript.php): failed to open stream: No such file or directory en C:\xampp\htdocs\dashboard\www\SETHAR\vista\ejemplo\index.php:53
[2023-03-26 22:01:09] Error 2: include(): Failed opening 'callScript.php' for inclusion (include_path='C:\xampp\php\PEAR') en C:\xampp\htdocs\dashboard\www\SETHAR\vista\ejemplo\index.php:53
[2023-03-26 22:01:09] Error 2: Use of undefined constant call - assumed 'call' (this will throw an Error in a future version of PHP) en C:\xampp\htdocs\dashboard\www\SETHAR\vista\ejemplo\index.php:54
[2023-03-26 22:01:09] Error 2: include(callregitro.php): failed to open stream: No such file or directory en C:\xampp\htdocs\dashboard\www\SETHAR\vista\ejemplo\index.php:54
[2023-03-26 22:01:09] Error 2: include(): Failed opening 'callregitro.php' for inclusion (include_path='C:\xampp\php\PEAR') en C:\xampp\htdocs\dashboard\www\SETHAR\vista\ejemplo\index.php:54
[2023-03-26 22:01:09] Error 2: constant(): Couldn't find constant URL en C:\xampp\htdocs\dashboard\www\SETHAR\vista\ejemplo\index.php:55
[2023-03-26 22:01:09] Error 2: constant(): Couldn't find constant URL en C:\xampp\htdocs\dashboard\www\SETHAR\vista\ejemplo\index.php:56
[2023-03-26 22:01:49] Error 2: Use of undefined constant call - assumed 'call' (this will throw an Error in a future version of PHP) en C:\xampp\htdocs\dashboard\www\SETHAR\vista\ejemplo\index.php:1
[2023-03-26 22:01:49] Error 2: include(callInicio.php): failed to open stream: No such file or directory en C:\xampp\htdocs\dashboard\www\SETHAR\vista\ejemplo\index.php:1
[2023-03-26 22:01:49] Error 2: include(): Failed opening 'callInicio.php' for inclusion (include_path='C:\xampp\php\PEAR') en C:\xampp\htdocs\dashboard\www\SETHAR\vista\ejemplo\index.php:1
[2023-03-26 22:01:49] Error 2: Use of undefined constant call - assumed 'call' (this will throw an Error in a future version of PHP) en C:\xampp\htdocs\dashboard\www\SETHAR\vista\ejemplo\index.php:53
[2023-03-26 22:01:49] Error 2: include(callScript.php): failed to open stream: No such file or directory en C:\xampp\htdocs\dashboard\www\SETHAR\vista\ejemplo\index.php:53
[2023-03-26 22:01:49] Error 2: include(): Failed opening 'callScript.php' for inclusion (include_path='C:\xampp\php\PEAR') en C:\xampp\htdocs\dashboard\www\SETHAR\vista\ejemplo\index.php:53
[2023-03-26 22:01:49] Error 2: Use of undefined constant call - assumed 'call' (this will throw an Error in a future version of PHP) en C:\xampp\htdocs\dashboard\www\SETHAR\vista\ejemplo\index.php:54
[2023-03-26 22:01:49] Error 2: include(callregitro.php): failed to open stream: No such file or directory en C:\xampp\htdocs\dashboard\www\SETHAR\vista\ejemplo\index.php:54
[2023-03-26 22:01:49] Error 2: include(): Failed opening 'callregitro.php' for inclusion (include_path='C:\xampp\php\PEAR') en C:\xampp\htdocs\dashboard\www\SETHAR\vista\ejemplo\index.php:54
[2023-03-26 22:01:49] Error 2: constant(): Couldn't find constant URL en C:\xampp\htdocs\dashboard\www\SETHAR\vista\ejemplo\index.php:55
[2023-03-26 22:01:49] Error 2: constant(): Couldn't find constant URL en C:\xampp\htdocs\dashboard\www\SETHAR\vista\ejemplo\index.php:56
[2023-03-26 22:02:34] Error 2: Use of undefined constant call - assumed 'call' (this will throw an Error in a future version of PHP) en C:\xampp\htdocs\dashboard\www\SETHAR\vista\ejemplo\index.php:1
[2023-03-26 22:02:34] Error 2: include(callInicio.php): failed to open stream: No such file or directory en C:\xampp\htdocs\dashboard\www\SETHAR\vista\ejemplo\index.php:1
[2023-03-26 22:02:34] Error 2: include(): Failed opening 'callInicio.php' for inclusion (include_path='C:\xampp\php\PEAR') en C:\xampp\htdocs\dashboard\www\SETHAR\vista\ejemplo\index.php:1
[2023-03-26 22:02:34] Error 2: Use of undefined constant call - assumed 'call' (this will throw an Error in a future version of PHP) en C:\xampp\htdocs\dashboard\www\SETHAR\vista\ejemplo\index.php:53
[2023-03-26 22:02:34] Error 2: include(callScript.php): failed to open stream: No such file or directory en C:\xampp\htdocs\dashboard\www\SETHAR\vista\ejemplo\index.php:53
[2023-03-26 22:02:34] Error 2: include(): Failed opening 'callScript.php' for inclusion (include_path='C:\xampp\php\PEAR') en C:\xampp\htdocs\dashboard\www\SETHAR\vista\ejemplo\index.php:53
[2023-03-26 22:02:34] Error 2: Use of undefined constant call - assumed 'call' (this will throw an Error in a future version of PHP) en C:\xampp\htdocs\dashboard\www\SETHAR\vista\ejemplo\index.php:54
[2023-03-26 22:02:34] Error 2: include(callregitro.php): failed to open stream: No such file or directory en C:\xampp\htdocs\dashboard\www\SETHAR\vista\ejemplo\index.php:54
[2023-03-26 22:02:34] Error 2: include(): Failed opening 'callregitro.php' for inclusion (include_path='C:\xampp\php\PEAR') en C:\xampp\htdocs\dashboard\www\SETHAR\vista\ejemplo\index.php:54
[2023-03-26 22:02:34] Error 2: constant(): Couldn't find constant URL en C:\xampp\htdocs\dashboard\www\SETHAR\vista\ejemplo\index.php:55
[2023-03-26 22:02:34] Error 2: constant(): Couldn't find constant URL en C:\xampp\htdocs\dashboard\www\SETHAR\vista\ejemplo\index.php:56
